<?xml version="1.0" encoding="UTF-8"?>
<testsuite name="CardGameTest" tests="1" skipped="0" failures="1" errors="0" timestamp="2022-03-30T10:23:15" hostname="DESKTOP-DK23N7A" time="0.365">
  <properties/>
  <testcase name="start" classname="CardGameTest" time="0.365">
    <failure message="java.lang.AssertionError: Wrong answer in test #1&#10;&#10;Wrong score output.&#10;&#10;Please find below the output of your program during this failed test.&#10;Note that the '&gt;' character indicates the beginning of the input line.&#10;&#10;---&#10;&#10;[last 250 lines of output are shown, 24 skipped]&#10;Computer plays K♠&#10;Computer wins cards&#10;Score: Player 0 - Computer 4&#10;Cards: Player 0 - Computer 8&#10;&#10;No cards on the table&#10;Cards in hand: 1)K♣ 2)10♣ 3)2♥ 4)9♥&#10;Choose a card to play (1-4):&#10;&gt; 1&#10;&#10;1 cards on the table, and the top card is K♣&#10;7♦ 7♣ 2♣ 4♠ &#10;Computer plays 7♣&#10;Computer wins cards&#10;Score: Player 0 - Computer 5&#10;Cards: Player 0 - Computer 10&#10;&#10;No cards on the table&#10;Cards in hand: 1)10♣ 2)2♥ 3)9♥&#10;Choose a card to play (1-3):&#10;&gt; 1&#10;&#10;1 cards on the table, and the top card is 10♣&#10;7♦ 2♣ 4♠ &#10;Computer plays 2♣&#10;Computer wins cards&#10;Score: Player 0 - Computer 6&#10;Cards: Player 0 - Computer 12&#10;&#10;No cards on the table&#10;Cards in hand: 1)2♥ 2)9♥&#10;Choose a card to play (1-2):&#10;&gt; 1&#10;&#10;1 cards on the table, and the top card is 2♥&#10;7♦ 4♠ &#10;Computer plays 7♦&#10;&#10;2 cards on the table, and the top card is 7♦&#10;Cards in hand: 1)9♥&#10;Choose a card to play (1-1):&#10;&gt; 1&#10;&#10;3 cards on the table, and the top card is 9♥&#10;4♠ &#10;Computer plays 4♠&#10;&#10;4 cards on the table, and the top card is 4♠&#10;Cards in hand: 1)10♦ 2)10♠ 3)4♣ 4)J♦ 5)A♣ 6)Q♦&#10;Choose a card to play (1-6):&#10;&gt; 2&#10;Player wins cards&#10;Score: Player 1 - Computer 6&#10;Cards: Player 5 - Computer 12&#10;&#10;No cards on the table&#10;9♣ 3♠ 8♦ 4♥ 5♥ 3♣ &#10;Computer plays 9♣&#10;&#10;1 cards on the table, and the top card is 9♣&#10;Cards in hand: 1)10♦ 2)4♣ 3)J♦ 4)A♣ 5)Q♦&#10;Choose a card to play (1-5):&#10;&gt; 2&#10;Player wins cards&#10;Score: Player 1 - Computer 6&#10;Cards: Player 7 - Computer 12&#10;&#10;No cards on the table&#10;3♠ 8♦ 4♥ 5♥ 3♣ &#10;Computer plays 4♥&#10;&#10;1 cards on the table, and the top card is 4♥&#10;Cards in hand: 1)10♦ 2)J♦ 3)A♣ 4)Q♦&#10;Choose a card to play (1-4):&#10;&gt; 1&#10;&#10;2 cards on the table, and the top card is 10♦&#10;3♠ 8♦ 5♥ 3♣ &#10;Computer plays 8♦&#10;Computer wins cards&#10;Score: Player 1 - Computer 7&#10;Cards: Player 7 - Computer 15&#10;&#10;No cards on the table&#10;Cards in hand: 1)J♦ 2)A♣ 3)Q♦&#10;Choose a card to play (1-3):&#10;&gt; 1&#10;&#10;1 cards on the table, and the top card is J♦&#10;3♠ 5♥ 3♣ &#10;Computer plays 3♠&#10;&#10;2 cards on the table, and the top card is 3♠&#10;Cards in hand: 1)A♣ 2)Q♦&#10;Choose a card to play (1-2):&#10;&gt; 1&#10;&#10;3 cards on the table, and the top card is A♣&#10;5♥ 3♣ &#10;Computer plays 3♣&#10;Computer wins cards&#10;Score: Player 1 - Computer 9&#10;Cards: Player 7 - Computer 19&#10;&#10;No cards on the table&#10;Cards in hand: 1)Q♦&#10;Choose a card to play (1-1):&#10;&gt; 1&#10;&#10;1 cards on the table, and the top card is Q♦&#10;5♥ &#10;Computer plays 5♥&#10;&#10;2 cards on the table, and the top card is 5♥&#10;Cards in hand: 1)6♠ 2)3♦ 3)A♥ 4)9♠ 5)7♥ 6)J♥&#10;Choose a card to play (1-6):&#10;&gt; 3&#10;Player wins cards&#10;Score: Player 3 - Computer 9&#10;Cards: Player 10 - Computer 19&#10;&#10;No cards on the table&#10;9♦ A♠ K♥ K♦ Q♣ 6♦ &#10;Computer plays 9♦&#10;&#10;1 cards on the table, and the top card is 9♦&#10;Cards in hand: 1)6♠ 2)3♦ 3)9♠ 4)7♥ 5)J♥&#10;Choose a card to play (1-5):&#10;&gt; 2&#10;Player wins cards&#10;Score: Player 3 - Computer 9&#10;Cards: Player 12 - Computer 19&#10;&#10;No cards on the table&#10;A♠ K♥ K♦ Q♣ 6♦ &#10;Computer plays K♦&#10;&#10;1 cards on the table, and the top card is K♦&#10;Cards in hand: 1)6♠ 2)9♠ 3)7♥ 4)J♥&#10;Choose a card to play (1-4):&#10;&gt; 1&#10;&#10;2 cards on the table, and the top card is 6♠&#10;A♠ K♥ Q♣ 6♦ &#10;Computer plays A♠&#10;Computer wins cards&#10;Score: Player 3 - Computer 11&#10;Cards: Player 12 - Computer 22&#10;&#10;No cards on the table&#10;Cards in hand: 1)9♠ 2)7♥ 3)J♥&#10;Choose a card to play (1-3):&#10;&gt; 1&#10;&#10;1 cards on the table, and the top card is 9♠&#10;K♥ Q♣ 6♦ &#10;Computer plays K♥&#10;&#10;2 cards on the table, and the top card is K♥&#10;Cards in hand: 1)7♥ 2)J♥&#10;Choose a card to play (1-2):&#10;&gt; 1&#10;Player wins cards&#10;Score: Player 4 - Computer 11&#10;Cards: Player 15 - Computer 22&#10;&#10;No cards on the table&#10;Q♣ 6♦ &#10;Computer plays Q♣&#10;&#10;1 cards on the table, and the top card is Q♣&#10;Cards in hand: 1)J♥&#10;Choose a card to play (1-1):&#10;&gt; 1&#10;&#10;2 cards on the table, and the top card is J♥&#10;6♦ &#10;Computer plays 6♦&#10;&#10;3 cards on the table, and the top card is 6♦&#10;Cards in hand: 1)J♣ 2)5♦ 3)2♦ 4)8♣ 5)10♥ 6)5♣&#10;Choose a card to play (1-6):&#10;&gt; 2&#10;Player wins cards&#10;Score: Player 6 - Computer 11&#10;Cards: Player 19 - Computer 22&#10;&#10;No cards on the table&#10;J♠ 7♠ 8♠ 6♣ 6♥ 5♠ &#10;Computer plays J♠&#10;&#10;1 cards on the table, and the top card is J♠&#10;Cards in hand: 1)J♣ 2)2♦ 3)8♣ 4)10♥ 5)5♣&#10;Choose a card to play (1-5):&#10;&gt; 1&#10;Player wins cards&#10;Score: Player 8 - Computer 11&#10;Cards: Player 21 - Computer 22&#10;&#10;No cards on the table&#10;7♠ 8♠ 6♣ 6♥ 5♠ &#10;Computer plays 7♠&#10;&#10;1 cards on the table, and the top card is 7♠&#10;Cards in hand: 1)2♦ 2)8♣ 3)10♥ 4)5♣&#10;Choose a card to play (1-4):&#10;&gt; 2&#10;&#10;2 cards on the table, and the top card is 8♣&#10;8♠ 6♣ 6♥ 5♠ &#10;Computer plays 6♣&#10;Computer wins cards&#10;Score: Player 8 - Computer 11&#10;Cards: Player 21 - Computer 25&#10;&#10;No cards on the table&#10;Cards in hand: 1)2♦ 2)10♥ 3)5♣&#10;Choose a card to play (1-3):&#10;&gt; 3&#10;&#10;1 cards on the table, and the top card is 5♣&#10;8♠ 6♥ 5♠ &#10;Computer plays 5♠&#10;Computer wins cards&#10;Score: Player 8 - Computer 11&#10;Cards: Player 21 - Computer 27&#10;&#10;No cards on the table&#10;Cards in hand: 1)2♦ 2)10♥&#10;Choose a card to play (1-2):&#10;&gt; 1&#10;&#10;1 cards on the table, and the top card is 2♦&#10;8♠ 6♥ &#10;Computer plays 8♠&#10;&#10;2 cards on the table, and the top card is 8♠&#10;Cards in hand: 1)10♥&#10;Choose a card to play (1-1):&#10;&gt; 1&#10;&#10;3 cards on the table, and the top card is 10♥&#10;6♥ &#10;Computer plays 6♥&#10;Computer wins cards&#10;&#10;No cards on the table&#10;Score: Player 8 - Computer 15&#10;Cards: Player 21 - Computer 31&#10;Game Over" type="java.lang.AssertionError">java.lang.AssertionError: Wrong answer in test #1

Wrong score output.

Please find below the output of your program during this failed test.
Note that the '&gt;' character indicates the beginning of the input line.

---

[last 250 lines of output are shown, 24 skipped]
Computer plays K♠
Computer wins cards
Score: Player 0 - Computer 4
Cards: Player 0 - Computer 8

No cards on the table
Cards in hand: 1)K♣ 2)10♣ 3)2♥ 4)9♥
Choose a card to play (1-4):
&gt; 1

1 cards on the table, and the top card is K♣
7♦ 7♣ 2♣ 4♠ 
Computer plays 7♣
Computer wins cards
Score: Player 0 - Computer 5
Cards: Player 0 - Computer 10

No cards on the table
Cards in hand: 1)10♣ 2)2♥ 3)9♥
Choose a card to play (1-3):
&gt; 1

1 cards on the table, and the top card is 10♣
7♦ 2♣ 4♠ 
Computer plays 2♣
Computer wins cards
Score: Player 0 - Computer 6
Cards: Player 0 - Computer 12

No cards on the table
Cards in hand: 1)2♥ 2)9♥
Choose a card to play (1-2):
&gt; 1

1 cards on the table, and the top card is 2♥
7♦ 4♠ 
Computer plays 7♦

2 cards on the table, and the top card is 7♦
Cards in hand: 1)9♥
Choose a card to play (1-1):
&gt; 1

3 cards on the table, and the top card is 9♥
4♠ 
Computer plays 4♠

4 cards on the table, and the top card is 4♠
Cards in hand: 1)10♦ 2)10♠ 3)4♣ 4)J♦ 5)A♣ 6)Q♦
Choose a card to play (1-6):
&gt; 2
Player wins cards
Score: Player 1 - Computer 6
Cards: Player 5 - Computer 12

No cards on the table
9♣ 3♠ 8♦ 4♥ 5♥ 3♣ 
Computer plays 9♣

1 cards on the table, and the top card is 9♣
Cards in hand: 1)10♦ 2)4♣ 3)J♦ 4)A♣ 5)Q♦
Choose a card to play (1-5):
&gt; 2
Player wins cards
Score: Player 1 - Computer 6
Cards: Player 7 - Computer 12

No cards on the table
3♠ 8♦ 4♥ 5♥ 3♣ 
Computer plays 4♥

1 cards on the table, and the top card is 4♥
Cards in hand: 1)10♦ 2)J♦ 3)A♣ 4)Q♦
Choose a card to play (1-4):
&gt; 1

2 cards on the table, and the top card is 10♦
3♠ 8♦ 5♥ 3♣ 
Computer plays 8♦
Computer wins cards
Score: Player 1 - Computer 7
Cards: Player 7 - Computer 15

No cards on the table
Cards in hand: 1)J♦ 2)A♣ 3)Q♦
Choose a card to play (1-3):
&gt; 1

1 cards on the table, and the top card is J♦
3♠ 5♥ 3♣ 
Computer plays 3♠

2 cards on the table, and the top card is 3♠
Cards in hand: 1)A♣ 2)Q♦
Choose a card to play (1-2):
&gt; 1

3 cards on the table, and the top card is A♣
5♥ 3♣ 
Computer plays 3♣
Computer wins cards
Score: Player 1 - Computer 9
Cards: Player 7 - Computer 19

No cards on the table
Cards in hand: 1)Q♦
Choose a card to play (1-1):
&gt; 1

1 cards on the table, and the top card is Q♦
5♥ 
Computer plays 5♥

2 cards on the table, and the top card is 5♥
Cards in hand: 1)6♠ 2)3♦ 3)A♥ 4)9♠ 5)7♥ 6)J♥
Choose a card to play (1-6):
&gt; 3
Player wins cards
Score: Player 3 - Computer 9
Cards: Player 10 - Computer 19

No cards on the table
9♦ A♠ K♥ K♦ Q♣ 6♦ 
Computer plays 9♦

1 cards on the table, and the top card is 9♦
Cards in hand: 1)6♠ 2)3♦ 3)9♠ 4)7♥ 5)J♥
Choose a card to play (1-5):
&gt; 2
Player wins cards
Score: Player 3 - Computer 9
Cards: Player 12 - Computer 19

No cards on the table
A♠ K♥ K♦ Q♣ 6♦ 
Computer plays K♦

1 cards on the table, and the top card is K♦
Cards in hand: 1)6♠ 2)9♠ 3)7♥ 4)J♥
Choose a card to play (1-4):
&gt; 1

2 cards on the table, and the top card is 6♠
A♠ K♥ Q♣ 6♦ 
Computer plays A♠
Computer wins cards
Score: Player 3 - Computer 11
Cards: Player 12 - Computer 22

No cards on the table
Cards in hand: 1)9♠ 2)7♥ 3)J♥
Choose a card to play (1-3):
&gt; 1

1 cards on the table, and the top card is 9♠
K♥ Q♣ 6♦ 
Computer plays K♥

2 cards on the table, and the top card is K♥
Cards in hand: 1)7♥ 2)J♥
Choose a card to play (1-2):
&gt; 1
Player wins cards
Score: Player 4 - Computer 11
Cards: Player 15 - Computer 22

No cards on the table
Q♣ 6♦ 
Computer plays Q♣

1 cards on the table, and the top card is Q♣
Cards in hand: 1)J♥
Choose a card to play (1-1):
&gt; 1

2 cards on the table, and the top card is J♥
6♦ 
Computer plays 6♦

3 cards on the table, and the top card is 6♦
Cards in hand: 1)J♣ 2)5♦ 3)2♦ 4)8♣ 5)10♥ 6)5♣
Choose a card to play (1-6):
&gt; 2
Player wins cards
Score: Player 6 - Computer 11
Cards: Player 19 - Computer 22

No cards on the table
J♠ 7♠ 8♠ 6♣ 6♥ 5♠ 
Computer plays J♠

1 cards on the table, and the top card is J♠
Cards in hand: 1)J♣ 2)2♦ 3)8♣ 4)10♥ 5)5♣
Choose a card to play (1-5):
&gt; 1
Player wins cards
Score: Player 8 - Computer 11
Cards: Player 21 - Computer 22

No cards on the table
7♠ 8♠ 6♣ 6♥ 5♠ 
Computer plays 7♠

1 cards on the table, and the top card is 7♠
Cards in hand: 1)2♦ 2)8♣ 3)10♥ 4)5♣
Choose a card to play (1-4):
&gt; 2

2 cards on the table, and the top card is 8♣
8♠ 6♣ 6♥ 5♠ 
Computer plays 6♣
Computer wins cards
Score: Player 8 - Computer 11
Cards: Player 21 - Computer 25

No cards on the table
Cards in hand: 1)2♦ 2)10♥ 3)5♣
Choose a card to play (1-3):
&gt; 3

1 cards on the table, and the top card is 5♣
8♠ 6♥ 5♠ 
Computer plays 5♠
Computer wins cards
Score: Player 8 - Computer 11
Cards: Player 21 - Computer 27

No cards on the table
Cards in hand: 1)2♦ 2)10♥
Choose a card to play (1-2):
&gt; 1

1 cards on the table, and the top card is 2♦
8♠ 6♥ 
Computer plays 8♠

2 cards on the table, and the top card is 8♠
Cards in hand: 1)10♥
Choose a card to play (1-1):
&gt; 1

3 cards on the table, and the top card is 10♥
6♥ 
Computer plays 6♥
Computer wins cards

No cards on the table
Score: Player 8 - Computer 15
Cards: Player 21 - Computer 31
Game Over
	at org.junit.Assert.fail(Assert.java:88)
	at org.hyperskill.hstest.stage.StageTest.start(StageTest.java:155)
	at java.base/jdk.internal.reflect.NativeMethodAccessorImpl.invoke0(Native Method)
	at java.base/jdk.internal.reflect.NativeMethodAccessorImpl.invoke(NativeMethodAccessorImpl.java:77)
	at java.base/jdk.internal.reflect.DelegatingMethodAccessorImpl.invoke(DelegatingMethodAccessorImpl.java:43)
	at java.base/java.lang.reflect.Method.invoke(Method.java:568)
	at org.junit.runners.model.FrameworkMethod$1.runReflectiveCall(FrameworkMethod.java:50)
	at org.junit.internal.runners.model.ReflectiveCallable.run(ReflectiveCallable.java:12)
	at org.junit.runners.model.FrameworkMethod.invokeExplosively(FrameworkMethod.java:47)
	at org.junit.internal.runners.statements.InvokeMethod.evaluate(InvokeMethod.java:17)
	at org.junit.runners.ParentRunner.runLeaf(ParentRunner.java:325)
	at org.junit.runners.BlockJUnit4ClassRunner.runChild(BlockJUnit4ClassRunner.java:78)
	at org.junit.runners.BlockJUnit4ClassRunner.runChild(BlockJUnit4ClassRunner.java:57)
	at org.junit.runners.ParentRunner$3.run(ParentRunner.java:290)
	at org.junit.runners.ParentRunner$1.schedule(ParentRunner.java:71)
	at org.junit.runners.ParentRunner.runChildren(ParentRunner.java:288)
	at org.junit.runners.ParentRunner.access$000(ParentRunner.java:58)
	at org.junit.runners.ParentRunner$2.evaluate(ParentRunner.java:268)
	at org.junit.runners.ParentRunner.run(ParentRunner.java:363)
	at org.gradle.api.internal.tasks.testing.junit.JUnitTestClassExecutor.runTestClass(JUnitTestClassExecutor.java:110)
	at org.gradle.api.internal.tasks.testing.junit.JUnitTestClassExecutor.execute(JUnitTestClassExecutor.java:58)
	at org.gradle.api.internal.tasks.testing.junit.JUnitTestClassExecutor.execute(JUnitTestClassExecutor.java:38)
	at org.gradle.api.internal.tasks.testing.junit.AbstractJUnitTestClassProcessor.processTestClass(AbstractJUnitTestClassProcessor.java:62)
	at org.gradle.api.internal.tasks.testing.SuiteTestClassProcessor.processTestClass(SuiteTestClassProcessor.java:51)
	at java.base/jdk.internal.reflect.NativeMethodAccessorImpl.invoke0(Native Method)
	at java.base/jdk.internal.reflect.NativeMethodAccessorImpl.invoke(NativeMethodAccessorImpl.java:77)
	at java.base/jdk.internal.reflect.DelegatingMethodAccessorImpl.invoke(DelegatingMethodAccessorImpl.java:43)
	at java.base/java.lang.reflect.Method.invoke(Method.java:568)
	at org.gradle.internal.dispatch.ReflectionDispatch.dispatch(ReflectionDispatch.java:36)
	at org.gradle.internal.dispatch.ReflectionDispatch.dispatch(ReflectionDispatch.java:24)
	at org.gradle.internal.dispatch.ContextClassLoaderDispatch.dispatch(ContextClassLoaderDispatch.java:33)
	at org.gradle.internal.dispatch.ProxyDispatchAdapter$DispatchingInvocationHandler.invoke(ProxyDispatchAdapter.java:94)
	at jdk.proxy1/jdk.proxy1.$Proxy2.processTestClass(Unknown Source)
	at org.gradle.api.internal.tasks.testing.worker.TestWorker$2.run(TestWorker.java:176)
	at org.gradle.api.internal.tasks.testing.worker.TestWorker.executeAndMaintainThreadName(TestWorker.java:129)
	at org.gradle.api.internal.tasks.testing.worker.TestWorker.execute(TestWorker.java:100)
	at org.gradle.api.internal.tasks.testing.worker.TestWorker.execute(TestWorker.java:60)
	at org.gradle.process.internal.worker.child.ActionExecutionWorker.execute(ActionExecutionWorker.java:56)
	at org.gradle.process.internal.worker.child.SystemApplicationClassLoaderWorker.call(SystemApplicationClassLoaderWorker.java:133)
	at org.gradle.process.internal.worker.child.SystemApplicationClassLoaderWorker.call(SystemApplicationClassLoaderWorker.java:71)
	at worker.org.gradle.process.internal.worker.GradleWorkerMain.run(GradleWorkerMain.java:69)
	at worker.org.gradle.process.internal.worker.GradleWorkerMain.main(GradleWorkerMain.java:74)
</failure>
  </testcase>
  <system-out><![CDATA[?[1;31m
Start test 1?[0m
Indigo Card Game
Play first?
> yes
Initial cards on the table: 3♥ 4♦ 8♥ A♦

4 cards on the table, and the top card is A♦
Cards in hand: 1)2♠ 2)K♣ 3)Q♥ 4)10♣ 5)2♥ 6)9♥
Choose a card to play (1-6):
> 3

5 cards on the table, and the top card is Q♥
7♦ 7♣ K♠ Q♠ 2♣ 4♠ 
Computer plays Q♠
Computer wins cards
Score: Player 0 - Computer 3
Cards: Player 0 - Computer 6

No cards on the table
Cards in hand: 1)2♠ 2)K♣ 3)10♣ 4)2♥ 5)9♥
Choose a card to play (1-5):
> 1

1 cards on the table, and the top card is 2♠
7♦ 7♣ K♠ 2♣ 4♠ 
Computer plays K♠
Computer wins cards
Score: Player 0 - Computer 4
Cards: Player 0 - Computer 8

No cards on the table
Cards in hand: 1)K♣ 2)10♣ 3)2♥ 4)9♥
Choose a card to play (1-4):
> 1

1 cards on the table, and the top card is K♣
7♦ 7♣ 2♣ 4♠ 
Computer plays 7♣
Computer wins cards
Score: Player 0 - Computer 5
Cards: Player 0 - Computer 10

No cards on the table
Cards in hand: 1)10♣ 2)2♥ 3)9♥
Choose a card to play (1-3):
> 1

1 cards on the table, and the top card is 10♣
7♦ 2♣ 4♠ 
Computer plays 2♣
Computer wins cards
Score: Player 0 - Computer 6
Cards: Player 0 - Computer 12

No cards on the table
Cards in hand: 1)2♥ 2)9♥
Choose a card to play (1-2):
> 1

1 cards on the table, and the top card is 2♥
7♦ 4♠ 
Computer plays 7♦

2 cards on the table, and the top card is 7♦
Cards in hand: 1)9♥
Choose a card to play (1-1):
> 1

3 cards on the table, and the top card is 9♥
4♠ 
Computer plays 4♠

4 cards on the table, and the top card is 4♠
Cards in hand: 1)10♦ 2)10♠ 3)4♣ 4)J♦ 5)A♣ 6)Q♦
Choose a card to play (1-6):
> 2
Player wins cards
Score: Player 1 - Computer 6
Cards: Player 5 - Computer 12

No cards on the table
9♣ 3♠ 8♦ 4♥ 5♥ 3♣ 
Computer plays 9♣

1 cards on the table, and the top card is 9♣
Cards in hand: 1)10♦ 2)4♣ 3)J♦ 4)A♣ 5)Q♦
Choose a card to play (1-5):
> 2
Player wins cards
Score: Player 1 - Computer 6
Cards: Player 7 - Computer 12

No cards on the table
3♠ 8♦ 4♥ 5♥ 3♣ 
Computer plays 4♥

1 cards on the table, and the top card is 4♥
Cards in hand: 1)10♦ 2)J♦ 3)A♣ 4)Q♦
Choose a card to play (1-4):
> 1

2 cards on the table, and the top card is 10♦
3♠ 8♦ 5♥ 3♣ 
Computer plays 8♦
Computer wins cards
Score: Player 1 - Computer 7
Cards: Player 7 - Computer 15

No cards on the table
Cards in hand: 1)J♦ 2)A♣ 3)Q♦
Choose a card to play (1-3):
> 1

1 cards on the table, and the top card is J♦
3♠ 5♥ 3♣ 
Computer plays 3♠

2 cards on the table, and the top card is 3♠
Cards in hand: 1)A♣ 2)Q♦
Choose a card to play (1-2):
> 1

3 cards on the table, and the top card is A♣
5♥ 3♣ 
Computer plays 3♣
Computer wins cards
Score: Player 1 - Computer 9
Cards: Player 7 - Computer 19

No cards on the table
Cards in hand: 1)Q♦
Choose a card to play (1-1):
> 1

1 cards on the table, and the top card is Q♦
5♥ 
Computer plays 5♥

2 cards on the table, and the top card is 5♥
Cards in hand: 1)6♠ 2)3♦ 3)A♥ 4)9♠ 5)7♥ 6)J♥
Choose a card to play (1-6):
> 3
Player wins cards
Score: Player 3 - Computer 9
Cards: Player 10 - Computer 19

No cards on the table
9♦ A♠ K♥ K♦ Q♣ 6♦ 
Computer plays 9♦

1 cards on the table, and the top card is 9♦
Cards in hand: 1)6♠ 2)3♦ 3)9♠ 4)7♥ 5)J♥
Choose a card to play (1-5):
> 2
Player wins cards
Score: Player 3 - Computer 9
Cards: Player 12 - Computer 19

No cards on the table
A♠ K♥ K♦ Q♣ 6♦ 
Computer plays K♦

1 cards on the table, and the top card is K♦
Cards in hand: 1)6♠ 2)9♠ 3)7♥ 4)J♥
Choose a card to play (1-4):
> 1

2 cards on the table, and the top card is 6♠
A♠ K♥ Q♣ 6♦ 
Computer plays A♠
Computer wins cards
Score: Player 3 - Computer 11
Cards: Player 12 - Computer 22

No cards on the table
Cards in hand: 1)9♠ 2)7♥ 3)J♥
Choose a card to play (1-3):
> 1

1 cards on the table, and the top card is 9♠
K♥ Q♣ 6♦ 
Computer plays K♥

2 cards on the table, and the top card is K♥
Cards in hand: 1)7♥ 2)J♥
Choose a card to play (1-2):
> 1
Player wins cards
Score: Player 4 - Computer 11
Cards: Player 15 - Computer 22

No cards on the table
Q♣ 6♦ 
Computer plays Q♣

1 cards on the table, and the top card is Q♣
Cards in hand: 1)J♥
Choose a card to play (1-1):
> 1

2 cards on the table, and the top card is J♥
6♦ 
Computer plays 6♦

3 cards on the table, and the top card is 6♦
Cards in hand: 1)J♣ 2)5♦ 3)2♦ 4)8♣ 5)10♥ 6)5♣
Choose a card to play (1-6):
> 2
Player wins cards
Score: Player 6 - Computer 11
Cards: Player 19 - Computer 22

No cards on the table
J♠ 7♠ 8♠ 6♣ 6♥ 5♠ 
Computer plays J♠

1 cards on the table, and the top card is J♠
Cards in hand: 1)J♣ 2)2♦ 3)8♣ 4)10♥ 5)5♣
Choose a card to play (1-5):
> 1
Player wins cards
Score: Player 8 - Computer 11
Cards: Player 21 - Computer 22

No cards on the table
7♠ 8♠ 6♣ 6♥ 5♠ 
Computer plays 7♠

1 cards on the table, and the top card is 7♠
Cards in hand: 1)2♦ 2)8♣ 3)10♥ 4)5♣
Choose a card to play (1-4):
> 2

2 cards on the table, and the top card is 8♣
8♠ 6♣ 6♥ 5♠ 
Computer plays 6♣
Computer wins cards
Score: Player 8 - Computer 11
Cards: Player 21 - Computer 25

No cards on the table
Cards in hand: 1)2♦ 2)10♥ 3)5♣
Choose a card to play (1-3):
> 3

1 cards on the table, and the top card is 5♣
8♠ 6♥ 5♠ 
Computer plays 5♠
Computer wins cards
Score: Player 8 - Computer 11
Cards: Player 21 - Computer 27

No cards on the table
Cards in hand: 1)2♦ 2)10♥
Choose a card to play (1-2):
> 1

1 cards on the table, and the top card is 2♦
8♠ 6♥ 
Computer plays 8♠

2 cards on the table, and the top card is 8♠
Cards in hand: 1)10♥
Choose a card to play (1-1):
> 1

3 cards on the table, and the top card is 10♥
6♥ 
Computer plays 6♥
Computer wins cards

No cards on the table
Score: Player 8 - Computer 15
Cards: Player 21 - Computer 31
Game Over
]]></system-out>
  <system-err><![CDATA[]]></system-err>
</testsuite>
