<?xml version="1.0" encoding="UTF-8"?>
<testsuite name="CardGameTest" tests="1" skipped="0" failures="0" errors="0" timestamp="2022-03-24T11:10:22" hostname="DESKTOP-DK23N7A" time="0.741">
  <properties/>
  <testcase name="start" classname="CardGameTest" time="0.741"/>
  <system-out><![CDATA[?[1;31m
Start test 1?[0m
Indigo Card Game
Play first?
> yes
Initial cards on the table: A♦ 4♠ A♣ 6♥
4 cards on the table, and the top card is 6♥
Cards in hand: 1)J♣ 2)4♥ 3)7♥ 4)8♥ 5)10♥ 6)4♣
Choose a card to play (1-6):
> 1

5 cards on the table, and the top card is J♣
Computer plays 4♦

6 cards on the table, and the top card is 4♦
Cards in hand: 1)4♥ 2)7♥ 3)8♥ 4)10♥ 5)4♣
Choose a card to play (1-5):
> 1

7 cards on the table, and the top card is 4♥
Computer plays 7♣

8 cards on the table, and the top card is 7♣
Cards in hand: 1)7♥ 2)8♥ 3)10♥ 4)4♣
Choose a card to play (1-4):
> 1

9 cards on the table, and the top card is 7♥
Computer plays 5♥

10 cards on the table, and the top card is 5♥
Cards in hand: 1)8♥ 2)10♥ 3)4♣
Choose a card to play (1-3):
> 1

11 cards on the table, and the top card is 8♥
Computer plays J♠

12 cards on the table, and the top card is J♠
Cards in hand: 1)10♥ 2)4♣
Choose a card to play (1-2):
> 1

13 cards on the table, and the top card is 10♥
Computer plays 9♠

14 cards on the table, and the top card is 9♠
Cards in hand: 1)4♣
Choose a card to play (1-1):
> 1

15 cards on the table, and the top card is 4♣
Computer plays 3♣

16 cards on the table, and the top card is 3♣
Cards in hand: 1)6♣ 2)Q♥ 3)Q♣ 4)10♣ 5)Q♠ 6)3♥
Choose a card to play (1-6):
> 1

17 cards on the table, and the top card is 6♣
Computer plays K♦

18 cards on the table, and the top card is K♦
Cards in hand: 1)Q♥ 2)Q♣ 3)10♣ 4)Q♠ 5)3♥
Choose a card to play (1-5):
> 1

19 cards on the table, and the top card is Q♥
Computer plays K♠

20 cards on the table, and the top card is K♠
Cards in hand: 1)Q♣ 2)10♣ 3)Q♠ 4)3♥
Choose a card to play (1-4):
> 1

21 cards on the table, and the top card is Q♣
Computer plays 5♦

22 cards on the table, and the top card is 5♦
Cards in hand: 1)10♣ 2)Q♠ 3)3♥
Choose a card to play (1-3):
> 1

23 cards on the table, and the top card is 10♣
Computer plays 8♦

24 cards on the table, and the top card is 8♦
Cards in hand: 1)Q♠ 2)3♥
Choose a card to play (1-2):
> 1

25 cards on the table, and the top card is Q♠
Computer plays K♣

26 cards on the table, and the top card is K♣
Cards in hand: 1)3♥
Choose a card to play (1-1):
> 1

27 cards on the table, and the top card is 3♥
Computer plays 6♦

28 cards on the table, and the top card is 6♦
Cards in hand: 1)3♦ 2)J♥ 3)7♠ 4)7♦ 5)2♠ 6)9♥
Choose a card to play (1-6):
> 1

29 cards on the table, and the top card is 3♦
Computer plays 8♠

30 cards on the table, and the top card is 8♠
Cards in hand: 1)J♥ 2)7♠ 3)7♦ 4)2♠ 5)9♥
Choose a card to play (1-5):
> 1

31 cards on the table, and the top card is J♥
Computer plays 8♣

32 cards on the table, and the top card is 8♣
Cards in hand: 1)7♠ 2)7♦ 3)2♠ 4)9♥
Choose a card to play (1-4):
> 1

33 cards on the table, and the top card is 7♠
Computer plays Q♦

34 cards on the table, and the top card is Q♦
Cards in hand: 1)7♦ 2)2♠ 3)9♥
Choose a card to play (1-3):
> 1

35 cards on the table, and the top card is 7♦
Computer plays 2♥

36 cards on the table, and the top card is 2♥
Cards in hand: 1)2♠ 2)9♥
Choose a card to play (1-2):
> 1

37 cards on the table, and the top card is 2♠
Computer plays 2♣

38 cards on the table, and the top card is 2♣
Cards in hand: 1)9♥
Choose a card to play (1-1):
> 1

39 cards on the table, and the top card is 9♥
Computer plays A♠

40 cards on the table, and the top card is A♠
Cards in hand: 1)6♠ 2)J♦ 3)5♠ 4)10♠ 5)3♠ 6)10♦
Choose a card to play (1-6):
> 1

41 cards on the table, and the top card is 6♠
Computer plays K♥

42 cards on the table, and the top card is K♥
Cards in hand: 1)J♦ 2)5♠ 3)10♠ 4)3♠ 5)10♦
Choose a card to play (1-5):
> 1

43 cards on the table, and the top card is J♦
Computer plays 2♦

44 cards on the table, and the top card is 2♦
Cards in hand: 1)5♠ 2)10♠ 3)3♠ 4)10♦
Choose a card to play (1-4):
> 1

45 cards on the table, and the top card is 5♠
Computer plays 9♣

46 cards on the table, and the top card is 9♣
Cards in hand: 1)10♠ 2)3♠ 3)10♦
Choose a card to play (1-3):
> 1

47 cards on the table, and the top card is 10♠
Computer plays A♥

48 cards on the table, and the top card is A♥
Cards in hand: 1)3♠ 2)10♦
Choose a card to play (1-2):
> 1

49 cards on the table, and the top card is 3♠
Computer plays 9♦

50 cards on the table, and the top card is 9♦
Cards in hand: 1)10♦
Choose a card to play (1-1):
> 1

51 cards on the table, and the top card is 10♦
Computer plays 5♣

52 cards on the table, and the top card is 5♣
Game Over
?[1;31m
Start test 2?[0m
Indigo Card Game
Play first?
> yes
Initial cards on the table: K♥ K♣ 10♥ A♥
4 cards on the table, and the top card is A♥
Cards in hand: 1)3♠ 2)6♦ 3)6♣ 4)3♥ 5)Q♣ 6)J♠
Choose a card to play (1-6):
> 6

5 cards on the table, and the top card is J♠
Computer plays 6♥

6 cards on the table, and the top card is 6♥
Cards in hand: 1)3♠ 2)6♦ 3)6♣ 4)3♥ 5)Q♣
Choose a card to play (1-5):
> 5

7 cards on the table, and the top card is Q♣
Computer plays 7♣

8 cards on the table, and the top card is 7♣
Cards in hand: 1)3♠ 2)6♦ 3)6♣ 4)3♥
Choose a card to play (1-4):
> 4

9 cards on the table, and the top card is 3♥
Computer plays K♠

10 cards on the table, and the top card is K♠
Cards in hand: 1)3♠ 2)6♦ 3)6♣
Choose a card to play (1-3):
> 3

11 cards on the table, and the top card is 6♣
Computer plays Q♠

12 cards on the table, and the top card is Q♠
Cards in hand: 1)3♠ 2)6♦
Choose a card to play (1-2):
> 2

13 cards on the table, and the top card is 6♦
Computer plays 4♦

14 cards on the table, and the top card is 4♦
Cards in hand: 1)3♠
Choose a card to play (1-1):
> 1

15 cards on the table, and the top card is 3♠
Computer plays 7♠

16 cards on the table, and the top card is 7♠
Cards in hand: 1)4♠ 2)3♣ 3)9♥ 4)4♥ 5)10♦ 6)8♣
Choose a card to play (1-6):
> 6

17 cards on the table, and the top card is 8♣
Computer plays 4♣

18 cards on the table, and the top card is 4♣
Cards in hand: 1)4♠ 2)3♣ 3)9♥ 4)4♥ 5)10♦
Choose a card to play (1-5):
> 5

19 cards on the table, and the top card is 10♦
Computer plays Q♦

20 cards on the table, and the top card is Q♦
Cards in hand: 1)4♠ 2)3♣ 3)9♥ 4)4♥
Choose a card to play (1-4):
> 4

21 cards on the table, and the top card is 4♥
Computer plays 8♦

22 cards on the table, and the top card is 8♦
Cards in hand: 1)4♠ 2)3♣ 3)9♥
Choose a card to play (1-3):
> 3

23 cards on the table, and the top card is 9♥
Computer plays 10♣

24 cards on the table, and the top card is 10♣
Cards in hand: 1)4♠ 2)3♣
Choose a card to play (1-2):
> 2

25 cards on the table, and the top card is 3♣
Computer plays 9♦

26 cards on the table, and the top card is 9♦
Cards in hand: 1)4♠
Choose a card to play (1-1):
> 1

27 cards on the table, and the top card is 4♠
Computer plays A♠

28 cards on the table, and the top card is A♠
Cards in hand: 1)A♣ 2)8♥ 3)2♣ 4)J♣ 5)9♠ 6)2♦
Choose a card to play (1-6):
> 6

29 cards on the table, and the top card is 2♦
Computer plays 6♠

30 cards on the table, and the top card is 6♠
Cards in hand: 1)A♣ 2)8♥ 3)2♣ 4)J♣ 5)9♠
Choose a card to play (1-5):
> 5

31 cards on the table, and the top card is 9♠
Computer plays 7♦

32 cards on the table, and the top card is 7♦
Cards in hand: 1)A♣ 2)8♥ 3)2♣ 4)J♣
Choose a card to play (1-4):
> 4

33 cards on the table, and the top card is J♣
Computer plays 5♠

34 cards on the table, and the top card is 5♠
Cards in hand: 1)A♣ 2)8♥ 3)2♣
Choose a card to play (1-3):
> 3

35 cards on the table, and the top card is 2♣
Computer plays 9♣

36 cards on the table, and the top card is 9♣
Cards in hand: 1)A♣ 2)8♥
Choose a card to play (1-2):
> 2

37 cards on the table, and the top card is 8♥
Computer plays 5♣

38 cards on the table, and the top card is 5♣
Cards in hand: 1)A♣
Choose a card to play (1-1):
> 1

39 cards on the table, and the top card is A♣
Computer plays 5♥

40 cards on the table, and the top card is 5♥
Cards in hand: 1)J♥ 2)8♠ 3)Q♥ 4)2♥ 5)10♠ 6)J♦
Choose a card to play (1-6):
> 6

41 cards on the table, and the top card is J♦
Computer plays A♦

42 cards on the table, and the top card is A♦
Cards in hand: 1)J♥ 2)8♠ 3)Q♥ 4)2♥ 5)10♠
Choose a card to play (1-5):
> 5

43 cards on the table, and the top card is 10♠
Computer plays K♦

44 cards on the table, and the top card is K♦
Cards in hand: 1)J♥ 2)8♠ 3)Q♥ 4)2♥
Choose a card to play (1-4):
> 4

45 cards on the table, and the top card is 2♥
Computer plays 2♠

46 cards on the table, and the top card is 2♠
Cards in hand: 1)J♥ 2)8♠ 3)Q♥
Choose a card to play (1-3):
> 3

47 cards on the table, and the top card is Q♥
Computer plays 7♥

48 cards on the table, and the top card is 7♥
Cards in hand: 1)J♥ 2)8♠
Choose a card to play (1-2):
> 2

49 cards on the table, and the top card is 8♠
Computer plays 3♦

50 cards on the table, and the top card is 3♦
Cards in hand: 1)J♥
Choose a card to play (1-1):
> 1

51 cards on the table, and the top card is J♥
Computer plays 5♦

52 cards on the table, and the top card is 5♦
Game Over
?[1;31m
Start test 3?[0m
Indigo Card Game
Play first?
> Hello
Play first?
> me
Play first?
> 0
Play first?
> play
Play first?
> yes
Initial cards on the table: 3♦ K♦ 5♦ Q♠
4 cards on the table, and the top card is Q♠
Cards in hand: 1)8♥ 2)2♦ 3)10♥ 4)6♣ 5)8♣ 6)10♣
Choose a card to play (1-6):
> exit
Game Over
?[1;31m
Start test 4?[0m
Indigo Card Game
Play first?
> no
Initial cards on the table: A♠ K♣ A♣ A♦
4 cards on the table, and the top card is A♦
Computer plays Q♣

5 cards on the table, and the top card is Q♣
Cards in hand: 1)5♥ 2)3♦ 3)7♠ 4)9♦ 5)2♣ 6)6♣
Choose a card to play (1-6):
> 1

6 cards on the table, and the top card is 5♥
Computer plays K♠

7 cards on the table, and the top card is K♠
Cards in hand: 1)3♦ 2)7♠ 3)9♦ 4)2♣ 5)6♣
Choose a card to play (1-5):
> 1

8 cards on the table, and the top card is 3♦
Computer plays 6♦

9 cards on the table, and the top card is 6♦
Cards in hand: 1)7♠ 2)9♦ 3)2♣ 4)6♣
Choose a card to play (1-4):
> 1

10 cards on the table, and the top card is 7♠
Computer plays J♥

11 cards on the table, and the top card is J♥
Cards in hand: 1)9♦ 2)2♣ 3)6♣
Choose a card to play (1-3):
> 1

12 cards on the table, and the top card is 9♦
Computer plays J♣

13 cards on the table, and the top card is J♣
Cards in hand: 1)2♣ 2)6♣
Choose a card to play (1-2):
> 1

14 cards on the table, and the top card is 2♣
Computer plays 5♣

15 cards on the table, and the top card is 5♣
Cards in hand: 1)6♣
Choose a card to play (1-1):
> 1

16 cards on the table, and the top card is 6♣
Computer plays 8♦

17 cards on the table, and the top card is 8♦
Cards in hand: 1)2♥ 2)2♠ 3)5♦ 4)8♣ 5)3♣ 6)5♠
Choose a card to play (1-6):
> 1

18 cards on the table, and the top card is 2♥
Computer plays 8♥

19 cards on the table, and the top card is 8♥
Cards in hand: 1)2♠ 2)5♦ 3)8♣ 4)3♣ 5)5♠
Choose a card to play (1-5):
> 1

20 cards on the table, and the top card is 2♠
Computer plays 3♠

21 cards on the table, and the top card is 3♠
Cards in hand: 1)5♦ 2)8♣ 3)3♣ 4)5♠
Choose a card to play (1-4):
> 1

22 cards on the table, and the top card is 5♦
Computer plays 6♠

23 cards on the table, and the top card is 6♠
Cards in hand: 1)8♣ 2)3♣ 3)5♠
Choose a card to play (1-3):
> 1

24 cards on the table, and the top card is 8♣
Computer plays 9♣

25 cards on the table, and the top card is 9♣
Cards in hand: 1)3♣ 2)5♠
Choose a card to play (1-2):
> 1

26 cards on the table, and the top card is 3♣
Computer plays 9♠

27 cards on the table, and the top card is 9♠
Cards in hand: 1)5♠
Choose a card to play (1-1):
> 1

28 cards on the table, and the top card is 5♠
Computer plays 9♥

29 cards on the table, and the top card is 9♥
Cards in hand: 1)10♥ 2)10♠ 3)J♦ 4)10♦ 5)7♦ 6)10♣
Choose a card to play (1-6):
> 1

30 cards on the table, and the top card is 10♥
Computer plays Q♦

31 cards on the table, and the top card is Q♦
Cards in hand: 1)10♠ 2)J♦ 3)10♦ 4)7♦ 5)10♣
Choose a card to play (1-5):
> 1

32 cards on the table, and the top card is 10♠
Computer plays 7♣

33 cards on the table, and the top card is 7♣
Cards in hand: 1)J♦ 2)10♦ 3)7♦ 4)10♣
Choose a card to play (1-4):
> 1

34 cards on the table, and the top card is J♦
Computer plays 4♠

35 cards on the table, and the top card is 4♠
Cards in hand: 1)10♦ 2)7♦ 3)10♣
Choose a card to play (1-3):
> 1

36 cards on the table, and the top card is 10♦
Computer plays 4♣

37 cards on the table, and the top card is 4♣
Cards in hand: 1)7♦ 2)10♣
Choose a card to play (1-2):
> 1

38 cards on the table, and the top card is 7♦
Computer plays 6♥

39 cards on the table, and the top card is 6♥
Cards in hand: 1)10♣
Choose a card to play (1-1):
> 1

40 cards on the table, and the top card is 10♣
Computer plays 2♦

41 cards on the table, and the top card is 2♦
Cards in hand: 1)Q♠ 2)A♥ 3)Q♥ 4)J♠ 5)K♥ 6)8♠
Choose a card to play (1-6):
> 1

42 cards on the table, and the top card is Q♠
Computer plays 3♥

43 cards on the table, and the top card is 3♥
Cards in hand: 1)A♥ 2)Q♥ 3)J♠ 4)K♥ 5)8♠
Choose a card to play (1-5):
> 1

44 cards on the table, and the top card is A♥
Computer plays 7♥

45 cards on the table, and the top card is 7♥
Cards in hand: 1)Q♥ 2)J♠ 3)K♥ 4)8♠
Choose a card to play (1-4):
> 1

46 cards on the table, and the top card is Q♥
Computer plays K♦

47 cards on the table, and the top card is K♦
Cards in hand: 1)J♠ 2)K♥ 3)8♠
Choose a card to play (1-3):
> 1

48 cards on the table, and the top card is J♠
Computer plays 4♦

49 cards on the table, and the top card is 4♦
Cards in hand: 1)K♥ 2)8♠
Choose a card to play (1-2):
> 1

50 cards on the table, and the top card is K♥
Computer plays 4♥

51 cards on the table, and the top card is 4♥
Cards in hand: 1)8♠
Choose a card to play (1-1):
> 1

52 cards on the table, and the top card is 8♠
Game Over
?[1;31m
Start test 5?[0m
Indigo Card Game
Play first?
> no
Initial cards on the table: 4♠ A♠ A♦ 8♦
4 cards on the table, and the top card is 8♦
Computer plays 5♠

5 cards on the table, and the top card is 5♠
Cards in hand: 1)3♠ 2)J♠ 3)Q♣ 4)4♦ 5)Q♠ 6)Q♦
Choose a card to play (1-6):
> 6

6 cards on the table, and the top card is Q♦
Computer plays J♥

7 cards on the table, and the top card is J♥
Cards in hand: 1)3♠ 2)J♠ 3)Q♣ 4)4♦ 5)Q♠
Choose a card to play (1-5):
> 5

8 cards on the table, and the top card is Q♠
Computer plays 2♦

9 cards on the table, and the top card is 2♦
Cards in hand: 1)3♠ 2)J♠ 3)Q♣ 4)4♦
Choose a card to play (1-4):
> 4

10 cards on the table, and the top card is 4♦
Computer plays J♦

11 cards on the table, and the top card is J♦
Cards in hand: 1)3♠ 2)J♠ 3)Q♣
Choose a card to play (1-3):
> 3

12 cards on the table, and the top card is Q♣
Computer plays 3♦

13 cards on the table, and the top card is 3♦
Cards in hand: 1)3♠ 2)J♠
Choose a card to play (1-2):
> 2

14 cards on the table, and the top card is J♠
Computer plays 8♠

15 cards on the table, and the top card is 8♠
Cards in hand: 1)3♠
Choose a card to play (1-1):
> 1

16 cards on the table, and the top card is 3♠
Computer plays 2♣

17 cards on the table, and the top card is 2♣
Cards in hand: 1)9♦ 2)10♠ 3)A♣ 4)4♥ 5)6♥ 6)6♣
Choose a card to play (1-6):
> 6

18 cards on the table, and the top card is 6♣
Computer plays 10♣

19 cards on the table, and the top card is 10♣
Cards in hand: 1)9♦ 2)10♠ 3)A♣ 4)4♥ 5)6♥
Choose a card to play (1-5):
> 5

20 cards on the table, and the top card is 6♥
Computer plays K♠

21 cards on the table, and the top card is K♠
Cards in hand: 1)9♦ 2)10♠ 3)A♣ 4)4♥
Choose a card to play (1-4):
> 4

22 cards on the table, and the top card is 4♥
Computer plays A♥

23 cards on the table, and the top card is A♥
Cards in hand: 1)9♦ 2)10♠ 3)A♣
Choose a card to play (1-3):
> 3

24 cards on the table, and the top card is A♣
Computer plays J♣

25 cards on the table, and the top card is J♣
Cards in hand: 1)9♦ 2)10♠
Choose a card to play (1-2):
> 2

26 cards on the table, and the top card is 10♠
Computer plays 7♣

27 cards on the table, and the top card is 7♣
Cards in hand: 1)9♦
Choose a card to play (1-1):
> 1

28 cards on the table, and the top card is 9♦
Computer plays 9♣

29 cards on the table, and the top card is 9♣
Cards in hand: 1)2♠ 2)Q♥ 3)K♥ 4)7♠ 5)9♠ 6)6♦
Choose a card to play (1-6):
> 6

30 cards on the table, and the top card is 6♦
Computer plays 6♠

31 cards on the table, and the top card is 6♠
Cards in hand: 1)2♠ 2)Q♥ 3)K♥ 4)7♠ 5)9♠
Choose a card to play (1-5):
> 5

32 cards on the table, and the top card is 9♠
Computer plays 5♣

33 cards on the table, and the top card is 5♣
Cards in hand: 1)2♠ 2)Q♥ 3)K♥ 4)7♠
Choose a card to play (1-4):
> 4

34 cards on the table, and the top card is 7♠
Computer plays 3♥

35 cards on the table, and the top card is 3♥
Cards in hand: 1)2♠ 2)Q♥ 3)K♥
Choose a card to play (1-3):
> 3

36 cards on the table, and the top card is K♥
Computer plays 7♥

37 cards on the table, and the top card is 7♥
Cards in hand: 1)2♠ 2)Q♥
Choose a card to play (1-2):
> 2

38 cards on the table, and the top card is Q♥
Computer plays K♣

39 cards on the table, and the top card is K♣
Cards in hand: 1)2♠
Choose a card to play (1-1):
> 1

40 cards on the table, and the top card is 2♠
Computer plays K♦

41 cards on the table, and the top card is K♦
Cards in hand: 1)2♥ 2)3♣ 3)5♥ 4)8♣ 5)10♥ 6)4♣
Choose a card to play (1-6):
> 6

42 cards on the table, and the top card is 4♣
Computer plays 5♦

43 cards on the table, and the top card is 5♦
Cards in hand: 1)2♥ 2)3♣ 3)5♥ 4)8♣ 5)10♥
Choose a card to play (1-5):
> 5

44 cards on the table, and the top card is 10♥
Computer plays 9♥

45 cards on the table, and the top card is 9♥
Cards in hand: 1)2♥ 2)3♣ 3)5♥ 4)8♣
Choose a card to play (1-4):
> 4

46 cards on the table, and the top card is 8♣
Computer plays 8♥

47 cards on the table, and the top card is 8♥
Cards in hand: 1)2♥ 2)3♣ 3)5♥
Choose a card to play (1-3):
> 3

48 cards on the table, and the top card is 5♥
Computer plays 7♦

49 cards on the table, and the top card is 7♦
Cards in hand: 1)2♥ 2)3♣
Choose a card to play (1-2):
> 2

50 cards on the table, and the top card is 3♣
Computer plays 10♦

51 cards on the table, and the top card is 10♦
Cards in hand: 1)2♥
Choose a card to play (1-1):
> 1

52 cards on the table, and the top card is 2♥
Game Over
?[1;31m
Start test 6?[0m
Indigo Card Game
Play first?
> Hello
Play first?
> me
Play first?
> 0
Play first?
> play
Play first?
> no
Initial cards on the table: 10♥ J♥ 9♣ 4♦
4 cards on the table, and the top card is 4♦
Computer plays 7♣

5 cards on the table, and the top card is 7♣
Cards in hand: 1)K♠ 2)4♣ 3)Q♠ 4)3♠ 5)A♣ 6)3♦
Choose a card to play (1-6):
> exit
Game Over
?[1;31m
Start test 7?[0m
Indigo Card Game
Play first?
> yes
Initial cards on the table: 3♥ K♥ 7♠ 8♥
4 cards on the table, and the top card is 8♥
Cards in hand: 1)7♥ 2)9♣ 3)5♦ 4)9♦ 5)Q♥ 6)Q♦
Choose a card to play (1-6):
> 0
Choose a card to play (1-6):
> 7
Choose a card to play (1-6):
> One
Choose a card to play (1-6):
> exit
Game Over
]]></system-out>
  <system-err><![CDATA[]]></system-err>
</testsuite>
